<?xml version="1.0" encoding="UTF-8"?>
<testsuite xmlns:xsi="http://www.w3.org/2001/XMLSchema-instance" xsi:noNamespaceSchemaLocation="https://maven.apache.org/surefire/maven-surefire-plugin/xsd/surefire-test-report-3.0.xsd" version="3.0" name="TestSuite" time="40.403" tests="6" errors="0" skipped="0" failures="0">
  <properties>
[...]
</properties>
  <testcase name="PositiveAuthenticateCall" classname="demo.APITestCases" time="31.396"/>
  <testcase name="NegativeAuthenticateCallInvaildMailId" classname="demo.APITestCases" time="0.406"/>
  <testcase name="NegativeAuthenticateCallEmptyMailId" classname="demo.APITestCases" time="0.405"/>
  <testcase name="NegativeAuthenticateCallWithoutpe" classname="demo.APITestCases" time="0.437"/>
  <testcase name="NegativeAuthenticateCallpeAsFalse" classname="demo.APITestCases" time="0.359"/>
  <testcase name="NegativeAuthenticateCallExceed5Attempts" classname="demo.APITestCases" time="0.374"/>
</testsuite>