<?xml version="1.0" encoding="UTF-8"?>
<testng-results skipped="0" failed="0" ignored="4" total="10" passed="6">
  <reporter-output>
  </reporter-output>
  <suite name="CoinDCX" duration-ms="33563" started-at="2021-08-03T11:43:36 IST" finished-at="2021-08-03T11:44:09 IST">
    <groups>
    </groups>
    <test name="Test" duration-ms="33563" started-at="2021-08-03T11:43:36 IST" finished-at="2021-08-03T11:44:09 IST">
      <class name="demo.APITestCases">
        <test-method status="PASS" signature="PositiveAuthenticateCall()[pri:1, instance:demo.APITestCases@63753b6d]" name="PositiveAuthenticateCall" duration-ms="31318" started-at="2021-08-03T11:43:36 IST" finished-at="2021-08-03T11:44:07 IST">
          <reporter-output>
          </reporter-output>
        </test-method> <!-- PositiveAuthenticateCall -->
        <test-method status="PASS" signature="NegativeAuthenticateCallInvaildMailId()[pri:2, instance:demo.APITestCases@63753b6d]" name="NegativeAuthenticateCallInvaildMailId" duration-ms="484" started-at="2021-08-03T11:44:07 IST" finished-at="2021-08-03T11:44:08 IST">
          <reporter-output>
          </reporter-output>
        </test-method> <!-- NegativeAuthenticateCallInvaildMailId -->
        <test-method status="PASS" signature="NegativeAuthenticateCallEmptyMailId()[pri:3, instance:demo.APITestCases@63753b6d]" name="NegativeAuthenticateCallEmptyMailId" duration-ms="421" started-at="2021-08-03T11:44:08 IST" finished-at="2021-08-03T11:44:08 IST">
          <reporter-output>
          </reporter-output>
        </test-method> <!-- NegativeAuthenticateCallEmptyMailId -->
        <test-method status="PASS" signature="NegativeAuthenticateCallWithoutpe()[pri:4, instance:demo.APITestCases@63753b6d]" name="NegativeAuthenticateCallWithoutpe" duration-ms="406" started-at="2021-08-03T11:44:08 IST" finished-at="2021-08-03T11:44:09 IST">
          <reporter-output>
          </reporter-output>
        </test-method> <!-- NegativeAuthenticateCallWithoutpe -->
        <test-method status="PASS" signature="NegativeAuthenticateCallpeAsFalse()[pri:5, instance:demo.APITestCases@63753b6d]" name="NegativeAuthenticateCallpeAsFalse" duration-ms="389" started-at="2021-08-03T11:44:09 IST" finished-at="2021-08-03T11:44:09 IST">
          <reporter-output>
          </reporter-output>
        </test-method> <!-- NegativeAuthenticateCallpeAsFalse -->
        <test-method status="PASS" signature="NegativeAuthenticateCallExceed5Attempts()[pri:6, instance:demo.APITestCases@63753b6d]" name="NegativeAuthenticateCallExceed5Attempts" duration-ms="372" started-at="2021-08-03T11:44:09 IST" finished-at="2021-08-03T11:44:09 IST">
          <reporter-output>
          </reporter-output>
        </test-method> <!-- NegativeAuthenticateCallExceed5Attempts -->
      </class> <!-- demo.APITestCases -->
    </test> <!-- Test -->
  </suite> <!-- CoinDCX -->
</testng-results>
