<?xml version="1.0" encoding="UTF-8"?>
<!-- Generated by org.testng.reporters.JUnitXMLReporter -->
<testsuite hostname="vicky-PC" ignored="4" name="Test" tests="6" failures="0" timestamp="2021-08-03T11:44:09 IST" time="33.563" errors="0">
  <testcase name="PositiveAuthenticateCall" time="31.318" classname="demo.APITestCases"/>
  <testcase name="NegativeAuthenticateCallInvaildMailId" time="0.484" classname="demo.APITestCases"/>
  <testcase name="NegativeAuthenticateCallEmptyMailId" time="0.421" classname="demo.APITestCases"/>
  <testcase name="NegativeAuthenticateCallWithoutpe" time="0.406" classname="demo.APITestCases"/>
  <testcase name="NegativeAuthenticateCallpeAsFalse" time="0.389" classname="demo.APITestCases"/>
  <testcase name="NegativeAuthenticateCallExceed5Attempts" time="0.372" classname="demo.APITestCases"/>
  <testcase name="PositiveAuthenticateCallWithoutPurpose" time="0.0" classname="demo.APITestCases">
    <ignored/>
  </testcase> <!-- PositiveAuthenticateCallWithoutPurpose -->
  <testcase name="NegativeAuthenticateCallInvalidPassword" time="0.0" classname="demo.APITestCases">
    <ignored/>
  </testcase> <!-- NegativeAuthenticateCallInvalidPassword -->
  <testcase name="NegativeAuthenticateCallWithoutPassword" time="0.0" classname="demo.APITestCases">
    <ignored/>
  </testcase> <!-- NegativeAuthenticateCallWithoutPassword -->
  <testcase name="NegativeAuthenticateCallEmptyPassword" time="0.0" classname="demo.APITestCases">
    <ignored/>
  </testcase> <!-- NegativeAuthenticateCallEmptyPassword -->
</testsuite> <!-- Test -->
